<?xml version="1.0" encoding="UTF-8"?>
<!-- Generated by org.testng.reporters.JUnitReportReporter -->
<testsuite hostname="DTP-TVR2-IND" failures="0" tests="1" name="testcases.HomeLoanTest" time="0.004" errors="0" timestamp="24 Apr 2023 06:40:03 GMT" skipped="0">
  <testcase classname="testcases.HomeLoanTest" name="test2" time="0.004"/>
</testsuite> <!-- testcases.HomeLoanTest -->
