<?xml version="1.0" encoding="UTF-8"?>
<!-- Generated by org.testng.reporters.JUnitReportReporter -->
<testsuite hostname="DTP-TVR2-IND" failures="0" tests="1" name="testcases.CarloanTest" time="0.001" errors="0" timestamp="24 Apr 2023 06:18:00 GMT" skipped="0">
  <testcase classname="testcases.CarloanTest" name="test3" time="0.001"/>
</testsuite> <!-- testcases.CarloanTest -->
