<?xml version="1.0" encoding="UTF-8"?>
<!-- Generated by org.testng.reporters.JUnitReportReporter -->
<testsuite hostname="DTP-TVR2-IND" failures="0" tests="1" name="testcases.CreditCard" time="0.003" errors="0" timestamp="24 Apr 2023 06:18:00 GMT" skipped="0">
  <testcase classname="testcases.CreditCard" name="test4" time="0.003"/>
</testsuite> <!-- testcases.CreditCard -->
