<?xml version="1.0" encoding="UTF-8"?>
<!-- Generated by org.testng.reporters.JUnitReportReporter -->
<testsuite hostname="DTP-TVR2-IND" failures="0" tests="2" name="testcases.HomeLoanTest" time="0.002" errors="0" timestamp="02 May 2023 17:03:21 GMT" skipped="0">
  <testcase classname="testcases.HomeLoanTest" name="test2" time="0.002"/>
  <testcase classname="testcases.HomeLoanTest" name="test1" time="0.000"/>
</testsuite> <!-- testcases.HomeLoanTest -->
